0 verbose cli /usr/local/bin/node /usr/local/bin/npm
1 info using npm@9.7.1
2 info using node@v18.16.0
3 timing npm:load:whichnode Completed in 10ms
4 timing config:load:defaults Completed in 3ms
5 timing config:load:file:/usr/local/lib/node_modules/npm/npmrc Completed in 7ms
6 timing config:load:builtin Completed in 7ms
7 timing config:load:cli Completed in 23ms
8 timing config:load:env Completed in 1ms
9 timing config:load:project Completed in 1ms
10 timing config:load:file:/home/container/.npmrc Completed in 0ms
11 timing config:load:user Completed in 1ms
12 timing config:load:file:/usr/local/etc/npmrc Completed in 1ms
13 timing config:load:global Completed in 1ms
14 timing config:load:setEnvs Completed in 1ms
15 timing config:load Completed in 39ms
16 timing npm:load:configload Completed in 39ms
17 timing config:load:flatten Completed in 4ms
18 timing npm:load:mkdirpcache Completed in 19ms
19 timing npm:load:mkdirplogs Completed in 0ms
20 verbose title npm install
21 verbose argv "install"
22 timing npm:load:setTitle Completed in 1ms
23 timing npm:load:display Completed in 1ms
24 verbose logfile logs-max:10 dir:/home/container/.npm/_logs/2023-06-18T00_57_56_774Z-
25 verbose logfile /home/container/.npm/_logs/2023-06-18T00_57_56_774Z-debug-0.log
26 timing npm:load:logFile Completed in 22ms
27 timing npm:load:timers Completed in 0ms
28 timing npm:load:configScope Completed in 0ms
29 timing npm:load Completed in 151ms
30 timing arborist:ctor Completed in 1ms
31 silly logfile done cleaning log files
32 timing arborist:ctor Completed in 0ms
33 timing idealTree:init Completed in 202ms
34 timing idealTree:userRequests Completed in 0ms
35 silly idealTree buildDeps
36 silly fetch manifest @adiwajshing/baileys@npm:baileys-md@^5.0.5
37 http fetch GET 200 https://registry.npmjs.org/baileys-md 103ms (cache miss)
38 silly fetch manifest @adiwajshing/keyed-db@^0.2.4
39 http fetch GET 200 https://registry.npmjs.org/npm 723ms (cache miss)
40 http fetch GET 200 https://registry.npmjs.org/@adiwajshing%2fkeyed-db 314ms (cache miss)
41 silly fetch manifest jimp@^0.22.7
42 http fetch GET 200 https://registry.npmjs.org/jimp 46ms (cache miss)
43 silly fetch manifest jimp@^0.16.1
44 silly fetch manifest link-preview-js@^3.0.0
45 http fetch GET 200 https://registry.npmjs.org/link-preview-js 902ms (cache miss)
46 silly fetch manifest qrcode-terminal@^0.12.0
47 http fetch GET 200 https://registry.npmjs.org/qrcode-terminal 843ms (cache miss)
48 silly fetch manifest sharp@^0.30.5
49 http fetch GET 200 https://registry.npmjs.org/sharp 858ms (cache miss)
50 silly fetch manifest @bochilteam/scraper@^3.0.0
51 http fetch GET 200 https://registry.npmjs.org/@bochilteam%2fscraper 278ms (cache miss)
52 silly fetch manifest @arugaz/ai2d@^1.0.1-z.8
53 http fetch GET 200 https://registry.npmjs.org/@arugaz%2fai2d 1356ms (cache miss)
54 silly fetch manifest @vitalets/google-translate-api@^8.0.0
55 http fetch GET 200 https://registry.npmjs.org/@vitalets%2fgoogle-translate-api 66ms (cache miss)
56 silly fetch manifest @ibaraki-douji/pixivts@^2.0.2
57 http fetch GET 200 https://registry.npmjs.org/@ibaraki-douji%2fpixivts 1910ms (cache miss)
58 silly fetch manifest acrcloud@^1.4.0
59 http fetch GET 200 https://registry.npmjs.org/acrcloud 851ms (cache miss)
60 silly fetch manifest awesome-phonenumber@^2.68.0
61 http fetch GET 200 https://registry.npmjs.org/awesome-phonenumber 90ms (cache miss)
62 silly fetch manifest axios@^0.27.2
63 http fetch GET 200 https://registry.npmjs.org/axios 41ms (cache miss)
64 silly fetch manifest brainly-scraper-v2@^2.0.9
65 http fetch GET 200 https://registry.npmjs.org/brainly-scraper-v2 867ms (cache miss)
66 silly fetch manifest cfonts@^3.1.1
67 http fetch GET 200 https://registry.npmjs.org/cfonts 868ms (cache miss)
68 silly fetch manifest chalk@^5.2.0
69 http fetch GET 200 https://registry.npmjs.org/chalk 62ms (cache miss)
70 silly fetch manifest cheerio@^1.0.0-rc.12
71 http fetch GET 200 https://registry.npmjs.org/cheerio 25ms (cache miss)
72 silly fetch manifest colors@1.4.0
73 http fetch GET 200 https://registry.npmjs.org/colors 26ms (cache miss)
74 silly fetch manifest dandi-api@^1.2.0
75 http fetch GET 200 https://registry.npmjs.org/dandi-api 911ms (cache miss)
76 silly fetch manifest deepai@^1.0.21
77 http fetch GET 200 https://registry.npmjs.org/deepai 854ms (cache miss)
78 silly fetch manifest dhn-api@^1.1.3
79 http fetch GET 200 https://registry.npmjs.org/dhn-api 893ms (cache miss)
80 silly fetch manifest didyoumean@^1.2.2
81 http fetch GET 200 https://registry.npmjs.org/didyoumean 888ms (cache miss)
82 silly fetch manifest emoji-api@^3.0.1
83 http fetch GET 200 https://registry.npmjs.org/emoji-api 873ms (cache miss)
84 silly fetch manifest express@^4.18.1
85 http fetch GET 200 https://registry.npmjs.org/express 107ms (cache miss)
86 silly fetch manifest file-type@^18.0.0
87 http fetch GET 200 https://registry.npmjs.org/file-type 41ms (cache miss)
88 silly fetch manifest fluent-ffmpeg@^2.1.2
89 http fetch GET 200 https://registry.npmjs.org/fluent-ffmpeg 33ms (cache miss)
90 silly fetch manifest formdata-node@^5.0.0
91 http fetch GET 200 https://registry.npmjs.org/formdata-node 867ms (cache miss)
92 silly fetch manifest genshin@^1.2.4
93 http fetch GET 200 https://registry.npmjs.org/genshin 863ms (cache miss)
94 silly fetch manifest genshin-db@^4.3.6
95 http fetch GET 200 https://registry.npmjs.org/genshin-db 830ms (cache miss)
96 silly fetch manifest google-it@^1.6.4
97 http fetch GET 200 https://registry.npmjs.org/google-it 31ms (cache miss)
98 silly fetch manifest google-play-scraper@^9.1.1
99 http fetch GET 200 https://registry.npmjs.org/google-play-scraper 247ms (cache miss)
100 silly fetch manifest https@^1.0.0
101 http fetch GET 200 https://registry.npmjs.org/https 33ms (cache miss)
102 silly fetch manifest human-readable@^0.2.1
103 http fetch GET 200 https://registry.npmjs.org/human-readable 251ms (cache miss)
104 silly fetch manifest instagram-url-direct@^1.0.13
105 http fetch GET 200 https://registry.npmjs.org/instagram-url-direct 252ms (cache miss)
106 silly fetch manifest hxz-api@^1.0.1
107 http fetch GET 200 https://registry.npmjs.org/hxz-api 871ms (cache miss)
108 silly fetch manifest imgbb-uploader@^1.3.5
109 http fetch GET 200 https://registry.npmjs.org/imgbb-uploader 920ms (cache miss)
110 silly fetch manifest jadianime-ts@^2.0.0
111 http fetch GET 200 https://registry.npmjs.org/jadianime-ts 270ms (cache miss)
112 silly fetch manifest jsdom@^21.1.1
113 http fetch GET 200 https://registry.npmjs.org/jsdom 60ms (cache miss)
114 silly fetch manifest canvas@^2.5.0
115 http fetch GET 200 https://registry.npmjs.org/canvas 253ms (cache miss)
116 silly fetch manifest lodash@^4.17.21
117 http fetch GET 200 https://registry.npmjs.org/lodash 36ms (cache miss)
118 silly fetch manifest lowdb@^3.0.0
119 http fetch GET 200 https://registry.npmjs.org/lowdb 266ms (cache miss)
120 silly fetch manifest mime-types@^2.1.34
121 http fetch GET 200 https://registry.npmjs.org/mime-types 27ms (cache miss)
122 silly fetch manifest moment-timezone@^0.5.34
123 http fetch GET 200 https://registry.npmjs.org/moment-timezone 21ms (cache miss)
124 silly fetch manifest mongoose@^6.4.3
125 http fetch GET 200 https://registry.npmjs.org/mongoose 76ms (cache miss)
126 silly fetch manifest nekos.life@^2.0.7
127 http fetch GET 200 https://registry.npmjs.org/nekos.life 887ms (cache miss)
128 silly fetch manifest node-fetch@^3.2.0
129 http fetch GET 200 https://registry.npmjs.org/node-fetch 143ms (cache miss)
130 silly fetch manifest node-gtts@^2.0.2
131 http fetch GET 200 https://registry.npmjs.org/node-gtts 47ms (cache miss)
132 silly fetch manifest node-os-utils@^1.3.6
133 http fetch GET 200 https://registry.npmjs.org/node-os-utils 856ms (cache miss)
134 silly fetch manifest node-webpmux@^3.1.1
135 http fetch GET 200 https://registry.npmjs.org/node-webpmux 31ms (cache miss)
136 silly fetch manifest ocr-space-api-wrapper@^2.1.1
137 http fetch GET 200 https://registry.npmjs.org/ocr-space-api-wrapper 863ms (cache miss)
138 silly fetch manifest perf_hooks@^0.0.1
139 http fetch GET 200 https://registry.npmjs.org/perf_hooks 244ms (cache miss)
140 silly fetch manifest pino@^7.8.0
141 http fetch GET 200 https://registry.npmjs.org/pino 50ms (cache miss)
142 silly fetch manifest pino-pretty@^7.5.1
143 http fetch GET 200 https://registry.npmjs.org/pino-pretty 865ms (cache miss)
144 silly fetch manifest qrcode@^1.5.0
145 http fetch GET 200 https://registry.npmjs.org/qrcode 273ms (cache miss)
146 silly fetch manifest readline@^1.3.0
147 http fetch GET 200 https://registry.npmjs.org/readline 25ms (cache miss)
148 silly fetch manifest remove.bg@^1.3.0
149 http fetch GET 200 https://registry.npmjs.org/remove.bg 29ms (cache miss)
150 silly fetch manifest similarity@^1.2.1
151 http fetch GET 200 https://registry.npmjs.org/similarity 87ms (cache miss)
152 silly fetch manifest socket.io@^4.4.1
153 http fetch GET 200 https://registry.npmjs.org/socket.io 28ms (cache miss)
154 silly fetch manifest syntax-error@^1.4.0
155 http fetch GET 200 https://registry.npmjs.org/syntax-error 20ms (cache miss)
156 silly fetch manifest terminal-image@^2.0.0
157 http fetch GET 200 https://registry.npmjs.org/terminal-image 864ms (cache miss)
158 silly fetch manifest translate-google-api@^1.0.4
159 http fetch GET 200 https://registry.npmjs.org/translate-google-api 895ms (cache miss)
160 silly fetch manifest url-regex-safe@^3.0.0
161 http fetch GET 200 https://registry.npmjs.org/url-regex-safe 873ms (cache miss)
162 silly fetch manifest re2@^1.17.2
163 http fetch GET 200 https://registry.npmjs.org/re2 937ms (cache miss)
164 silly fetch manifest xfarr-api@2.0.0
165 http fetch GET 200 https://registry.npmjs.org/xfarr-api 885ms (cache miss)
166 silly fetch manifest yargs@^17.5.1
167 http fetch GET 200 https://registry.npmjs.org/yargs 856ms (cache miss)
168 silly fetch manifest yt-search@^2.10.4
169 http fetch GET 200 https://registry.npmjs.org/yt-search 890ms (cache miss)
170 silly fetch manifest zs-extract@^1.4.1
171 http fetch GET 200 https://registry.npmjs.org/zs-extract 924ms (cache miss)
172 silly fetch manifest wa-sticker-formatter@^4.3.2
173 http fetch GET 200 https://registry.npmjs.org/wa-sticker-formatter 834ms (cache miss)
174 silly placeDep ROOT @adiwajshing/baileys@5.0.5 OK for: Shendy@3.0.0 want: npm:baileys-md@^5.0.5
175 silly fetch manifest @hapi/boom@^9.1.3
176 silly fetch manifest axios@^1.3.3
177 silly fetch manifest futoin-hkdf@^1.5.1
178 silly fetch manifest libsignal@git+https://github.com/adiwajshing/libsignal-node.git
179 silly fetch manifest music-metadata@^7.12.3
180 silly fetch manifest node-cache@^5.1.2
181 silly fetch manifest pino@^7.0.0
182 silly fetch manifest protobufjs@^6.11.3
183 silly fetch manifest ws@^8.0.0
184 silly placeDep ROOT @adiwajshing/keyed-db@0.2.4 OK for: Shendy@3.0.0 want: ^0.2.4
185 silly placeDep ROOT @arugaz/ai2d@1.0.1-z.8 OK for: Shendy@3.0.0 want: ^1.0.1-z.8
186 silly fetch manifest async-retry@^1.3.3
187 silly fetch manifest axios@^0.24.0
188 silly fetch manifest https-proxy-agent@^5.0.1
189 silly fetch manifest socks-proxy-agent@^7.0.0
190 silly placeDep ROOT @bochilteam/scraper@3.0.0 OK for: Shendy@3.0.0 want: ^3.0.0
191 silly fetch manifest cheerio@^1.0.0-rc.10
192 silly fetch manifest form-data@^4.0.0
193 silly fetch manifest got@^11.8.3
194 silly fetch manifest zod@^3.17.3
195 silly fetch manifest ws@^8.4.2
196 silly placeDep ROOT @ibaraki-douji/pixivts@2.4.1 OK for: Shendy@3.0.0 want: ^2.0.2
197 silly fetch manifest node-fetch@^2.6.1
198 silly fetch manifest node-html-parser@^6.1.4
199 silly placeDep ROOT @vitalets/google-translate-api@8.0.0 OK for: Shendy@3.0.0 want: ^8.0.0
200 silly fetch manifest configstore@^5.0.1
201 silly fetch manifest got@^9.6.0
202 silly placeDep ROOT acrcloud@1.4.0 OK for: Shendy@3.0.0 want: ^1.4.0
203 silly fetch manifest form-data@^2.5.1
204 silly fetch manifest node-fetch@^2.6.0
205 silly placeDep ROOT awesome-phonenumber@2.73.0 OK for: Shendy@3.0.0 want: ^2.68.0
206 silly placeDep ROOT axios@0.27.2 OK for: Shendy@3.0.0 want: ^0.27.2
207 silly fetch manifest follow-redirects@^1.14.9
208 silly placeDep ROOT brainly-scraper-v2@2.2.8 OK for: Shendy@3.0.0 want: ^2.0.9
209 silly fetch manifest axios@^1.2.2
210 silly fetch manifest piscina@^3.2.0
211 silly placeDep ROOT cfonts@3.2.0 OK for: Shendy@3.0.0 want: ^3.1.1
212 silly fetch manifest supports-color@^8
213 silly fetch manifest window-size@^1.1.1
214 silly placeDep ROOT chalk@5.2.0 OK for: Shendy@3.0.0 want: ^5.2.0
215 silly placeDep ROOT cheerio@1.0.0-rc.12 OK for: Shendy@3.0.0 want: ^1.0.0-rc.12
216 silly fetch manifest cheerio-select@^2.1.0
217 silly fetch manifest dom-serializer@^2.0.0
218 silly fetch manifest domhandler@^5.0.3
219 silly fetch manifest domutils@^3.0.1
220 silly fetch manifest htmlparser2@^8.0.1
221 silly fetch manifest parse5@^7.0.0
222 silly fetch manifest parse5-htmlparser2-tree-adapter@^7.0.0
223 silly placeDep ROOT colors@1.4.0 OK for: Shendy@3.0.0 want: 1.4.0
224 silly placeDep ROOT dandi-api@1.2.0 OK for: Shendy@3.0.0 want: ^1.2.0
225 silly fetch manifest axios@^0.21.1
226 silly fetch manifest cookie@^0.5.0
227 silly fetch manifest fetch@^1.1.0
228 silly fetch manifest file-type@^17.1.1
229 silly fetch manifest insta-fetcher@^1.3.17
230 silly fetch manifest jsdom@^19.0.0
231 silly fetch manifest jsdon@^0.1.15
232 silly fetch manifest qs@^6.10.3
233 silly fetch manifest request@^2.88.2
234 silly fetch manifest url@^0.11.0
235 silly fetch manifest yt-search@^2.10.3
236 silly placeDep ROOT deepai@1.0.21 OK for: Shendy@3.0.0 want: ^1.0.21
237 silly fetch manifest form-data@4.0.0
238 silly fetch manifest axios@0.25.0
239 silly placeDep ROOT dhn-api@1.1.3 OK for: Shendy@3.0.0 want: ^1.1.3
240 silly fetch manifest path@^0.12.7
241 silly placeDep ROOT didyoumean@1.2.2 OK for: Shendy@3.0.0 want: ^1.2.2
242 silly placeDep ROOT emoji-api@3.0.1 OK for: Shendy@3.0.0 want: ^3.0.1
243 silly placeDep ROOT express@4.18.2 OK for: Shendy@3.0.0 want: ^4.18.1
244 silly fetch manifest accepts@~1.3.8
245 silly fetch manifest array-flatten@1.1.1
246 silly fetch manifest body-parser@1.20.1
247 silly fetch manifest content-disposition@0.5.4
248 silly fetch manifest content-type@~1.0.4
249 silly fetch manifest cookie@0.5.0
250 silly fetch manifest cookie-signature@1.0.6
251 silly fetch manifest debug@2.6.9
252 silly fetch manifest depd@2.0.0
253 silly fetch manifest encodeurl@~1.0.2
254 silly fetch manifest escape-html@~1.0.3
255 silly fetch manifest etag@~1.8.1
256 silly fetch manifest finalhandler@1.2.0
257 silly fetch manifest fresh@0.5.2
258 silly fetch manifest http-errors@2.0.0
259 silly fetch manifest merge-descriptors@1.0.1
260 silly fetch manifest methods@~1.1.2
261 silly fetch manifest on-finished@2.4.1
262 silly fetch manifest parseurl@~1.3.3
263 silly fetch manifest path-to-regexp@0.1.7
264 silly fetch manifest proxy-addr@~2.0.7
265 silly fetch manifest qs@6.11.0
266 silly fetch manifest range-parser@~1.2.1
267 silly fetch manifest safe-buffer@5.2.1
268 silly fetch manifest send@0.18.0
269 silly fetch manifest serve-static@1.15.0
270 silly fetch manifest setprototypeof@1.2.0
271 silly fetch manifest statuses@2.0.1
272 silly fetch manifest type-is@~1.6.18
273 silly fetch manifest utils-merge@1.0.1
274 silly fetch manifest vary@~1.1.2
275 silly placeDep ROOT file-type@18.5.0 OK for: Shendy@3.0.0 want: ^18.0.0
276 silly fetch manifest readable-web-to-node-stream@^3.0.2
277 silly fetch manifest strtok3@^7.0.0
278 silly fetch manifest token-types@^5.0.1
279 silly placeDep ROOT fluent-ffmpeg@2.1.2 OK for: Shendy@3.0.0 want: ^2.1.2
280 silly fetch manifest async@>=0.2.9
281 silly fetch manifest which@^1.1.1
282 silly placeDep ROOT formdata-node@5.0.1 OK for: Shendy@3.0.0 want: ^5.0.0
283 silly fetch manifest node-domexception@1.0.0
284 silly fetch manifest web-streams-polyfill@4.0.0-beta.3
285 silly placeDep ROOT genshin@1.2.4 OK for: Shendy@3.0.0 want: ^1.2.4
286 silly placeDep ROOT genshin-db@4.3.9 OK for: Shendy@3.0.0 want: ^4.3.6
287 silly fetch manifest fuzzysort@^1.1.4
288 silly fetch manifest pako@^2.0.4
289 silly placeDep ROOT google-it@1.6.4 OK for: Shendy@3.0.0 want: ^1.6.4
290 silly fetch manifest command-line-args@^5.0.0
291 silly fetch manifest ora@^4.0.3
292 silly fetch manifest request@^2.88.0
293 silly placeDep ROOT google-play-scraper@9.1.1 OK for: Shendy@3.0.0 want: ^9.1.1
294 silly fetch manifest debug@^2.2.0
295 silly fetch manifest memoizee@^0.4.11
296 silly fetch manifest ramda@^0.21.0
297 silly placeDep ROOT https@1.0.0 OK for: Shendy@3.0.0 want: ^1.0.0
298 silly placeDep ROOT human-readable@0.2.1 OK for: Shendy@3.0.0 want: ^0.2.1
299 silly placeDep ROOT hxz-api@1.0.1 OK for: Shendy@3.0.0 want: ^1.0.1
300 silly fetch manifest qs@^6.10.1
301 silly placeDep ROOT imgbb-uploader@1.5.1 OK for: Shendy@3.0.0 want: ^1.3.5
302 silly placeDep ROOT instagram-url-direct@1.0.13 OK for: Shendy@3.0.0 want: ^1.0.13
303 silly placeDep ROOT jadianime-ts@2.0.0 OK for: Shendy@3.0.0 want: ^2.0.0
304 silly fetch manifest axios@^1.2.1
305 silly fetch manifest md5@^2.3.0
306 silly fetch manifest multer@^1.4.5-lts.1
307 silly fetch manifest node-base64-image@^2.0.4
308 silly fetch manifest ts-node@^10.9.1
309 silly fetch manifest uuid@^9.0.0
310 silly placeDep ROOT jimp@0.22.8 OK for: Shendy@3.0.0 want: ^0.22.7
311 silly fetch manifest @jimp/custom@^0.22.8
312 silly fetch manifest @jimp/plugins@^0.22.8
313 silly fetch manifest @jimp/types@^0.22.8
314 silly fetch manifest regenerator-runtime@^0.13.3
315 silly placeDep ROOT jsdom@21.1.2 OK for: Shendy@3.0.0 want: ^21.1.1
316 silly fetch manifest abab@^2.0.6
317 silly fetch manifest acorn@^8.8.2
318 silly fetch manifest acorn-globals@^7.0.0
319 silly fetch manifest cssstyle@^3.0.0
320 silly fetch manifest data-urls@^4.0.0
321 silly fetch manifest decimal.js@^10.4.3
322 silly fetch manifest domexception@^4.0.0
323 silly fetch manifest escodegen@^2.0.0
324 silly fetch manifest html-encoding-sniffer@^3.0.0
325 silly fetch manifest http-proxy-agent@^5.0.0
326 silly fetch manifest is-potential-custom-element-name@^1.0.1
327 silly fetch manifest nwsapi@^2.2.4
328 silly fetch manifest parse5@^7.1.2
329 silly fetch manifest rrweb-cssom@^0.6.0
330 silly fetch manifest saxes@^6.0.0
331 silly fetch manifest symbol-tree@^3.2.4
332 silly fetch manifest tough-cookie@^4.1.2
333 silly fetch manifest w3c-xmlserializer@^4.0.0
334 silly fetch manifest webidl-conversions@^7.0.0
335 silly fetch manifest whatwg-encoding@^2.0.0
336 silly fetch manifest whatwg-mimetype@^3.0.0
337 silly fetch manifest whatwg-url@^12.0.1
338 silly fetch manifest ws@^8.13.0
339 silly fetch manifest xml-name-validator@^4.0.0
340 silly placeDep ROOT lodash@4.17.21 OK for: Shendy@3.0.0 want: ^4.17.21
341 silly placeDep ROOT lowdb@3.0.0 OK for: Shendy@3.0.0 want: ^3.0.0
342 silly fetch manifest steno@^2.1.0
343 silly placeDep ROOT mime-types@2.1.35 OK for: Shendy@3.0.0 want: ^2.1.34
344 silly fetch manifest mime-db@1.52.0
345 silly placeDep ROOT moment-timezone@0.5.43 OK for: Shendy@3.0.0 want: ^0.5.34
346 silly fetch manifest moment@^2.29.4
347 silly placeDep ROOT mongoose@6.11.2 OK for: Shendy@3.0.0 want: ^6.4.3
348 silly fetch manifest bson@^4.7.2
349 silly fetch manifest kareem@2.5.1
350 silly fetch manifest mongodb@4.16.0
351 silly fetch manifest mpath@0.9.0
352 silly fetch manifest mquery@4.0.3
353 silly fetch manifest ms@2.1.3
354 silly fetch manifest sift@16.0.1
355 silly placeDep ROOT nekos.life@2.0.9 OK for: Shendy@3.0.0 want: ^2.0.7
356 silly placeDep ROOT node-fetch@3.3.1 OK for: Shendy@3.0.0 want: ^3.2.0
357 silly fetch manifest data-uri-to-buffer@^4.0.0
358 silly fetch manifest fetch-blob@^3.1.4
359 silly fetch manifest formdata-polyfill@^4.0.10
360 silly placeDep ROOT node-gtts@2.0.2 OK for: Shendy@3.0.0 want: ^2.0.2
361 silly fetch manifest async@^2.4.1
362 silly fetch manifest escape-string-regexp@^1.0.5
363 silly fetch manifest fake-useragent@^1.0.1
364 silly fetch manifest multistream@^2.1.0
365 silly fetch manifest request@^2.81.0
366 silly placeDep ROOT node-os-utils@1.3.7 OK for: Shendy@3.0.0 want: ^1.3.6
367 silly placeDep ROOT node-webpmux@3.1.7 OK for: Shendy@3.0.0 want: ^3.1.1
368 silly placeDep ROOT ocr-space-api-wrapper@2.3.0 OK for: Shendy@3.0.0 want: ^2.1.1
369 silly placeDep ROOT perf_hooks@0.0.1 OK for: Shendy@3.0.0 want: ^0.0.1
370 silly placeDep ROOT pino@7.11.0 OK for: Shendy@3.0.0 want: ^7.8.0
371 silly fetch manifest atomic-sleep@^1.0.0
372 silly fetch manifest fast-redact@^3.0.0
373 silly fetch manifest on-exit-leak-free@^0.2.0
374 silly fetch manifest pino-abstract-transport@v0.5.0
375 silly fetch manifest pino-std-serializers@^4.0.0
376 silly fetch manifest process-warning@^1.0.0
377 silly fetch manifest quick-format-unescaped@^4.0.3
378 silly fetch manifest real-require@^0.1.0
379 silly fetch manifest safe-stable-stringify@^2.1.0
380 silly fetch manifest sonic-boom@^2.2.1
381 silly fetch manifest thread-stream@^0.15.1
382 silly placeDep ROOT pino-pretty@7.6.1 OK for: Shendy@3.0.0 want: ^7.5.1
383 silly fetch manifest args@^5.0.1
384 silly fetch manifest colorette@^2.0.7
385 silly fetch manifest dateformat@^4.6.3
386 silly fetch manifest fast-safe-stringify@^2.0.7
387 silly fetch manifest joycon@^3.1.1
388 silly fetch manifest pino-abstract-transport@^0.5.0
389 silly fetch manifest pump@^3.0.0
390 silly fetch manifest readable-stream@^3.6.0
391 silly fetch manifest rfdc@^1.3.0
392 silly fetch manifest secure-json-parse@^2.4.0
393 silly fetch manifest sonic-boom@^2.2.0
394 silly fetch manifest strip-json-comments@^3.1.1
395 silly placeDep ROOT qrcode@1.5.3 OK for: Shendy@3.0.0 want: ^1.5.0
396 silly fetch manifest dijkstrajs@^1.0.1
397 silly fetch manifest encode-utf8@^1.0.3
398 silly fetch manifest pngjs@^5.0.0
399 silly fetch manifest yargs@^15.3.1
400 silly placeDep ROOT qrcode-terminal@0.12.0 OK for: Shendy@3.0.0 want: ^0.12.0
401 silly placeDep ROOT readline@1.3.0 OK for: Shendy@3.0.0 want: ^1.3.0
402 silly placeDep ROOT remove.bg@1.3.0 OK for: Shendy@3.0.0 want: ^1.3.0
403 silly fetch manifest unirest@~0.6.0
404 silly placeDep ROOT similarity@1.2.1 OK for: Shendy@3.0.0 want: ^1.2.1
405 silly fetch manifest levenshtein-edit-distance@^2.0.0
406 silly placeDep ROOT socket.io@4.6.2 OK for: Shendy@3.0.0 want: ^4.4.1
407 silly fetch manifest accepts@~1.3.4
408 silly fetch manifest base64id@~2.0.0
409 silly fetch manifest debug@~4.3.2
410 silly fetch manifest engine.io@~6.4.2
411 silly fetch manifest socket.io-adapter@~2.5.2
412 silly fetch manifest socket.io-parser@~4.2.4
413 silly placeDep ROOT syntax-error@1.4.0 OK for: Shendy@3.0.0 want: ^1.4.0
414 silly fetch manifest acorn-node@^1.2.0
415 silly placeDep ROOT terminal-image@2.0.0 OK for: Shendy@3.0.0 want: ^2.0.0
416 silly fetch manifest chalk@^4.1.1
417 silly fetch manifest log-update@^4.0.0
418 silly fetch manifest render-gif@^2.0.4
419 silly fetch manifest term-img@^6.0.0
420 silly placeDep ROOT translate-google-api@1.0.4 OK for: Shendy@3.0.0 want: ^1.0.4
421 silly fetch manifest axios@^0.20.0
422 silly placeDep ROOT url-regex-safe@3.0.0 OK for: Shendy@3.0.0 want: ^3.0.0
423 silly fetch manifest ip-regex@4.3.0
424 silly fetch manifest tlds@^1.228.0
425 silly placeDep ROOT wa-sticker-formatter@4.4.4 OK for: Shendy@3.0.0 want: ^4.3.2
426 silly fetch manifest file-type@^16.5.3
427 silly fetch manifest fs-extra@^10.0.0
428 silly fetch manifest image-size@^1.0.0
429 silly fetch manifest sharp@^0.30.0
430 silly placeDep ROOT xfarr-api@2.0.0 OK for: Shendy@3.0.0 want: 2.0.0
431 silly fetch manifest bing-scraper@^1.4.11
432 silly fetch manifest javascript-obfuscator@^4.0.0
433 silly placeDep ROOT yargs@17.7.2 OK for: Shendy@3.0.0 want: ^17.5.1
434 silly fetch manifest cliui@^8.0.1
435 silly fetch manifest escalade@^3.1.1
436 silly fetch manifest get-caller-file@^2.0.5
437 silly fetch manifest require-directory@^2.1.1
438 silly fetch manifest string-width@^4.2.3
439 silly fetch manifest y18n@^5.0.5
440 silly fetch manifest yargs-parser@^21.1.1
441 silly placeDep ROOT yt-search@2.10.4 OK for: Shendy@3.0.0 want: ^2.10.4
442 silly fetch manifest async.parallellimit@~0.5.2
443 silly fetch manifest boolstring@~1.0.2
444 silly fetch manifest dasu@~0.4.3
445 silly fetch manifest human-time@0.0.2
446 silly fetch manifest jsonpath-plus@~5.0.2
447 silly fetch manifest minimist@~1.2.5
448 silly fetch manifest node-fzf@~0.5.1
449 silly placeDep ROOT zs-extract@1.4.2 OK for: Shendy@3.0.0 want: ^1.4.1
450 silly fetch manifest node-fetch@^2.6.9
451 http fetch GET 200 https://registry.npmjs.org/@hapi%2fboom 9010ms (cache miss)
452 http fetch GET 200 https://registry.npmjs.org/form-data 9149ms (cache miss)
453 http fetch GET 200 https://registry.npmjs.org/parse5-htmlparser2-tree-adapter 9060ms (cache miss)
454 http fetch GET 200 https://registry.npmjs.org/accepts 8898ms (cache miss)
455 http fetch GET 200 https://registry.npmjs.org/domhandler 9555ms (cache miss)
456 http fetch GET 200 https://registry.npmjs.org/cookie 9487ms (cache miss)
457 http fetch GET 200 https://registry.npmjs.org/path 9694ms (cache miss)
458 http fetch GET 200 https://registry.npmjs.org/jsdon 9737ms (cache miss)
459 http fetch GET 200 https://registry.npmjs.org/node-domexception 9330ms (cache miss)
460 http fetch GET 200 https://registry.npmjs.org/url 9916ms (cache miss)
461 http fetch GET 200 https://registry.npmjs.org/array-flatten 9880ms (cache miss)
462 http fetch GET 200 https://registry.npmjs.org/window-size 10128ms (cache miss)
463 http fetch GET 200 https://registry.npmjs.org/cheerio-select 10104ms (cache miss)
464 http fetch GET 200 https://registry.npmjs.org/parseurl 9773ms (cache miss)
465 http fetch GET 200 https://registry.npmjs.org/content-type 9943ms (cache miss)
466 http fetch GET 200 https://registry.npmjs.org/depd 9940ms (cache miss)
467 http fetch GET 200 https://registry.npmjs.org/escape-html 9934ms (cache miss)
468 http fetch GET 200 https://registry.npmjs.org/etag 9925ms (cache miss)
469 http fetch GET 200 https://registry.npmjs.org/fresh 9916ms (cache miss)
470 http fetch GET 200 https://registry.npmjs.org/methods 9907ms (cache miss)
471 http fetch GET 200 https://registry.npmjs.org/on-finished 9900ms (cache miss)
472 http fetch GET 200 https://registry.npmjs.org/utils-merge 9785ms (cache miss)
473 http fetch GET 200 https://registry.npmjs.org/vary 9794ms (cache miss)
474 http fetch GET 200 https://registry.npmjs.org/follow-redirects 10387ms (cache miss)
475 http fetch GET 200 https://registry.npmjs.org/cookie 10114ms (cache miss)
476 http fetch GET 200 https://registry.npmjs.org/content-disposition 10118ms (cache miss)
477 http fetch GET 200 https://registry.npmjs.org/piscina 10392ms (cache miss)
478 http fetch GET 200 https://registry.npmjs.org/range-parser 9975ms (cache miss)
479 http fetch GET 200 https://registry.npmjs.org/safe-buffer 9975ms (cache miss)
480 http fetch GET 200 https://registry.npmjs.org/setprototypeof 9957ms (cache miss)
481 http fetch GET 200 https://registry.npmjs.org/fetch 10294ms (cache miss)
482 http fetch GET 200 https://registry.npmjs.org/merge-descriptors 10296ms (cache miss)
483 http fetch GET 200 https://registry.npmjs.org/proxy-addr 10267ms (cache miss)
484 http fetch GET 200 https://registry.npmjs.org/serve-static 10188ms (cache miss)
485 http fetch GET 200 https://registry.npmjs.org/readable-web-to-node-stream 10116ms (cache miss)
486 http fetch GET 200 https://registry.npmjs.org/encodeurl 10381ms (cache miss)
487 http fetch GET 200 https://registry.npmjs.org/supports-color 10821ms (cache miss)
488 http fetch GET 200 https://registry.npmjs.org/htmlparser2 10788ms (cache miss)
489 http fetch GET 200 https://registry.npmjs.org/body-parser 10603ms (cache miss)
490 http fetch GET 200 https://registry.npmjs.org/which 10312ms (cache miss)
491 http fetch GET 200 https://registry.npmjs.org/statuses 10433ms (cache miss)
492 http fetch GET 200 https://registry.npmjs.org/debug 10230ms (cache miss)
493 http fetch GET 200 https://registry.npmjs.org/path-to-regexp 10671ms (cache miss)
494 http fetch GET 200 https://registry.npmjs.org/ora 10405ms (cache miss)
495 http fetch GET 200 https://registry.npmjs.org/web-streams-polyfill 10459ms (cache miss)
496 http fetch GET 200 https://registry.npmjs.org/regenerator-runtime 10193ms (cache miss)
497 http fetch GET 200 https://registry.npmjs.org/decimal.js 10160ms (cache miss)
498 http fetch GET 200 https://registry.npmjs.org/domexception 10224ms (cache miss)
499 http fetch GET 200 https://registry.npmjs.org/async-retry 11584ms (cache miss)
500 http fetch GET 200 https://registry.npmjs.org/request 11251ms (cache miss)
501 http fetch GET 200 https://registry.npmjs.org/ramda 10832ms (cache miss)
502 http fetch GET 200 https://registry.npmjs.org/abab 10610ms (cache miss)
503 http fetch GET 200 https://registry.npmjs.org/http-proxy-agent 10581ms (cache miss)
504 http fetch GET 200 https://registry.npmjs.org/cookie-signature 11293ms (cache miss)
505 http fetch GET 200 https://registry.npmjs.org/http-errors 11245ms (cache miss)
506 http fetch GET 200 https://registry.npmjs.org/data-urls 10691ms (cache miss)
507 http fetch GET 200 https://registry.npmjs.org/symbol-tree 10623ms (cache miss)
508 http fetch GET 200 https://registry.npmjs.org/rrweb-cssom 10640ms (cache miss)
509 http fetch GET 200 https://registry.npmjs.org/md5 10866ms (cache miss)
510 http fetch GET 200 https://registry.npmjs.org/request 11055ms (cache miss)
511 http fetch GET 200 https://registry.npmjs.org/memoizee 11041ms (cache miss)
512 http fetch GET 200 https://registry.npmjs.org/uuid 10874ms (cache miss)
513 http fetch GET 200 https://registry.npmjs.org/nwsapi 10799ms (cache miss)
514 http fetch GET 200 https://registry.npmjs.org/is-potential-custom-element-name 10804ms (cache miss)
515 http fetch GET 200 https://registry.npmjs.org/qs 11149ms (cache miss)
516 http fetch GET 200 https://registry.npmjs.org/pako 11243ms (cache miss)
517 http fetch GET 200 https://registry.npmjs.org/whatwg-url 10886ms (cache miss)
518 http fetch GET 200 https://registry.npmjs.org/kareem 10781ms (cache miss)
519 http fetch GET 200 https://registry.npmjs.org/data-uri-to-buffer 10746ms (cache miss)
520 http fetch GET 200 https://registry.npmjs.org/escodegen 11102ms (cache miss)
521 http fetch GET 200 https://registry.npmjs.org/parse5 11121ms (cache miss)
522 http fetch GET 200 https://registry.npmjs.org/type-is 11596ms (cache miss)
523 http fetch GET 200 https://registry.npmjs.org/whatwg-encoding 11078ms (cache miss)
524 http fetch GET 200 https://registry.npmjs.org/whatwg-mimetype 11079ms (cache miss)
525 http fetch GET 200 https://registry.npmjs.org/xml-name-validator 11105ms (cache miss)
526 http fetch GET 200 https://registry.npmjs.org/w3c-xmlserializer 11138ms (cache miss)
527 http fetch GET 200 https://registry.npmjs.org/mpath 10986ms (cache miss)
528 http fetch GET 200 https://registry.npmjs.org/acorn-globals 11236ms (cache miss)
529 http fetch GET 200 https://registry.npmjs.org/formdata-polyfill 10957ms (cache miss)
530 http fetch GET 200 https://registry.npmjs.org/finalhandler 11894ms (cache miss)
531 http fetch GET 200 https://registry.npmjs.org/tough-cookie 11217ms (cache miss)
532 http fetch GET 200 https://registry.npmjs.org/steno 11187ms (cache miss)
533 http fetch GET 200 https://registry.npmjs.org/multer 11465ms (cache miss)
534 http fetch GET 200 https://registry.npmjs.org/node-base64-image 11465ms (cache miss)
535 http fetch GET 200 https://registry.npmjs.org/cssstyle 11314ms (cache miss)
536 http fetch GET 200 https://registry.npmjs.org/on-exit-leak-free 10947ms (cache miss)
537 http fetch GET 200 https://registry.npmjs.org/pino-abstract-transport 10947ms (cache miss)
538 http fetch GET 200 https://registry.npmjs.org/strtok3 11739ms (cache miss)
539 http fetch GET 200 https://registry.npmjs.org/parse5 12216ms (cache miss)
540 http fetch GET 200 https://registry.npmjs.org/command-line-args 11647ms (cache miss)
541 http fetch GET 200 https://registry.npmjs.org/mime-db 11261ms (cache miss)
542 http fetch GET 200 https://registry.npmjs.org/escape-string-regexp 11109ms (cache miss)
543 http fetch GET 200 https://registry.npmjs.org/atomic-sleep 11051ms (cache miss)
544 http fetch GET 200 https://registry.npmjs.org/quick-format-unescaped 11032ms (cache miss)
545 http fetch GET 200 https://registry.npmjs.org/colorette 11001ms (cache miss)
546 http fetch GET 200 https://registry.npmjs.org/pump 10898ms (cache miss)
547 http fetch GET 200 https://registry.npmjs.org/got 12374ms (cache miss)
548 http fetch GET 200 https://registry.npmjs.org/ts-node 11614ms (cache miss)
549 http fetch GET 200 https://registry.npmjs.org/fuzzysort 11800ms (cache miss)
550 http fetch GET 200 https://registry.npmjs.org/webidl-conversions 11430ms (cache miss)
551 http fetch GET 200 https://registry.npmjs.org/async 11224ms (cache miss)
552 http fetch GET 200 https://registry.npmjs.org/process-warning 11153ms (cache miss)
553 http fetch GET 200 https://registry.npmjs.org/real-require 11128ms (cache miss)
554 http fetch GET 200 https://registry.npmjs.org/strip-json-comments 10959ms (cache miss)
555 http fetch GET 200 https://registry.npmjs.org/dijkstrajs 10957ms (cache miss)
556 http fetch GET 200 https://registry.npmjs.org/accepts 10891ms (cache miss)
557 http fetch GET 200 https://registry.npmjs.org/multistream 11258ms (cache miss)
558 http fetch GET 200 https://registry.npmjs.org/acorn 11607ms (cache miss)
559 http fetch GET 200 https://registry.npmjs.org/moment 11501ms (cache miss)
560 http fetch GET 200 https://registry.npmjs.org/fetch-blob 11385ms (cache miss)
561 http fetch GET 200 https://registry.npmjs.org/html-encoding-sniffer 11629ms (cache miss)
562 http fetch GET 200 https://registry.npmjs.org/thread-stream 11269ms (cache miss)
563 http fetch GET 200 https://registry.npmjs.org/saxes 11620ms (cache miss)
564 http fetch GET 200 https://registry.npmjs.org/dateformat 11268ms (cache miss)
565 http fetch GET 200 https://registry.npmjs.org/encode-utf8 11103ms (cache miss)
566 http fetch GET 200 https://registry.npmjs.org/pngjs 11099ms (cache miss)
567 http fetch GET 200 https://registry.npmjs.org/fake-useragent 11411ms (cache miss)
568 http fetch GET 200 https://registry.npmjs.org/require-directory 10740ms (cache miss)
569 http fetch GET 200 https://registry.npmjs.org/levenshtein-edit-distance 11084ms (cache miss)
570 http fetch GET 200 https://registry.npmjs.org/mquery 11520ms (cache miss)
571 http fetch GET 200 https://registry.npmjs.org/request 11431ms (cache miss)
572 http fetch GET 200 https://registry.npmjs.org/ms 11521ms (cache miss)
573 http fetch GET 200 https://registry.npmjs.org/pino-abstract-transport 11247ms (cache miss)
574 http fetch GET 200 https://registry.npmjs.org/safe-stable-stringify 11366ms (cache miss)
575 http fetch GET 200 https://registry.npmjs.org/fast-safe-stringify 11355ms (cache miss)
576 http fetch GET 200 https://registry.npmjs.org/args 11366ms (cache miss)
577 http fetch GET 200 https://registry.npmjs.org/socket.io-adapter 11126ms (cache miss)
578 http fetch GET 200 https://registry.npmjs.org/term-img 11028ms (cache miss)
579 http fetch GET 200 https://registry.npmjs.org/ip-regex 11007ms (cache miss)
580 http fetch GET 200 https://registry.npmjs.org/string-width 10823ms (cache miss)
581 http fetch GET 200 https://registry.npmjs.org/https-proxy-agent 12879ms (cache miss)
582 http fetch GET 200 https://registry.npmjs.org/configstore 12777ms (cache miss)
583 http fetch GET 200 https://registry.npmjs.org/form-data 12541ms (cache miss)
584 http fetch GET 200 https://registry.npmjs.org/token-types 12186ms (cache miss)
585 http fetch GET 200 https://registry.npmjs.org/fast-redact 11479ms (cache miss)
586 http fetch GET 200 https://registry.npmjs.org/readable-stream 11297ms (cache miss)
587 http fetch GET 200 https://registry.npmjs.org/pino-std-serializers 11502ms (cache miss)
588 http fetch GET 200 https://registry.npmjs.org/secure-json-parse 11328ms (cache miss)
589 http fetch GET 200 https://registry.npmjs.org/base64id 11237ms (cache miss)
590 http fetch GET 200 https://registry.npmjs.org/dom-serializer 12758ms (cache miss)
591 http fetch GET 200 https://registry.npmjs.org/domutils 12765ms (cache miss)
592 http fetch GET 200 https://registry.npmjs.org/debug 11255ms (cache miss)
593 http fetch GET 200 https://registry.npmjs.org/unirest 11311ms (cache miss)
594 http fetch GET 200 https://registry.npmjs.org/rfdc 11358ms (cache miss)
595 http fetch GET 200 https://registry.npmjs.org/y18n 10915ms (cache miss)
596 http fetch GET 200 https://registry.npmjs.org/human-time 10882ms (cache miss)
597 http fetch GET 200 https://registry.npmjs.org/render-gif 11178ms (cache miss)
598 http fetch GET 200 https://registry.npmjs.org/insta-fetcher 12685ms (cache miss)
599 http fetch GET 200 https://registry.npmjs.org/ws 11845ms (cache miss)
600 http fetch GET 200 https://registry.npmjs.org/joycon 11448ms (cache miss)
601 http fetch GET 200 https://registry.npmjs.org/fs-extra 11198ms (cache miss)
602 http fetch GET 200 https://registry.npmjs.org/get-caller-file 11017ms (cache miss)
603 http fetch GET 200 https://registry.npmjs.org/node-cache 13104ms (cache miss)
604 http fetch GET 200 https://registry.npmjs.org/qs 12712ms (cache miss)
605 http fetch GET 200 https://registry.npmjs.org/sonic-boom 11441ms (cache miss)
606 http fetch GET 200 https://registry.npmjs.org/cliui 11086ms (cache miss)
607 http fetch GET 200 https://registry.npmjs.org/minimist 10929ms (cache miss)
608 http fetch GET 200 https://registry.npmjs.org/acorn-node 11282ms (cache miss)
609 http fetch GET 200 https://registry.npmjs.org/boolstring 10996ms (cache miss)
610 http fetch GET 200 https://registry.npmjs.org/send 12480ms (cache miss)
611 http fetch GET 200 https://registry.npmjs.org/image-size 11226ms (cache miss)
612 http fetch GET 200 https://registry.npmjs.org/socket.io-parser 11405ms (cache miss)
613 http fetch GET 200 https://registry.npmjs.org/jsonpath-plus 11011ms (cache miss)
614 http fetch GET 200 https://registry.npmjs.org/node-fzf 10973ms (cache miss)
615 http fetch GET 200 https://registry.npmjs.org/log-update 11368ms (cache miss)
616 http fetch GET 200 https://registry.npmjs.org/socks-proxy-agent 13191ms (cache miss)
617 http fetch GET 200 https://registry.npmjs.org/futoin-hkdf 13279ms (cache miss)
618 http fetch GET 200 https://registry.npmjs.org/async 12475ms (cache miss)
619 http fetch GET 200 https://registry.npmjs.org/engine.io 11512ms (cache miss)
620 http fetch GET 200 https://registry.npmjs.org/escalade 11248ms (cache miss)
621 http fetch GET 200 https://registry.npmjs.org/dasu 11134ms (cache miss)
622 http fetch GET 200 https://registry.npmjs.org/qs 12664ms (cache miss)
623 http fetch GET 200 https://registry.npmjs.org/bing-scraper 11379ms (cache miss)
624 http fetch GET 200 https://registry.npmjs.org/async.parallellimit 11180ms (cache miss)
625 http fetch GET 200 https://registry.npmjs.org/form-data 13265ms (cache miss)
626 http fetch GET 200 https://registry.npmjs.org/yargs-parser 11279ms (cache miss)
627 http fetch GET 200 https://registry.npmjs.org/debug 12912ms (cache miss)
628 http fetch GET 200 https://registry.npmjs.org/tlds 11528ms (cache miss)
629 http fetch GET 200 https://registry.npmjs.org/@jimp%2ftypes 12337ms (cache miss)
630 http fetch GET 200 https://registry.npmjs.org/bson 12103ms (cache miss)
631 http fetch GET 200 https://registry.npmjs.org/@jimp%2fcustom 12421ms (cache miss)
632 http fetch GET 200 https://registry.npmjs.org/sonic-boom 11985ms (cache miss)
633 http fetch GET 200 https://registry.npmjs.org/sift 12171ms (cache miss)
634 http fetch GET 200 https://registry.npmjs.org/@jimp%2fplugins 12450ms (cache miss)
635 http fetch GET 200 https://registry.npmjs.org/mongodb 12202ms (cache miss)
636 http fetch GET 200 https://registry.npmjs.org/javascript-obfuscator 11538ms (cache miss)
637 http fetch GET 200 https://registry.npmjs.org/ws 13497ms (cache miss)
638 http fetch GET 200 https://registry.npmjs.org/ws 13585ms (cache miss)
639 http fetch GET 200 https://registry.npmjs.org/protobufjs 13607ms (cache miss)
640 http fetch GET 200 https://registry.npmjs.org/node-html-parser 13508ms (cache miss)
641 http fetch GET 200 https://registry.npmjs.org/got 13564ms (cache miss)
642 http fetch GET 200 https://registry.npmjs.org/music-metadata 13701ms (cache miss)
643 http fetch GET 200 https://registry.npmjs.org/zod 13722ms (cache miss)
644 timing idealTree:#root Completed in 47482ms
645 silly fetch manifest bufferutil@^4.0.1
646 http fetch GET 200 https://registry.npmjs.org/bufferutil 50ms (cache miss)
647 silly fetch manifest utf-8-validate@>=5.0.2
648 http fetch GET 200 https://registry.npmjs.org/utf-8-validate 124ms (cache miss)
649 silly placeDep ROOT @hapi/boom@9.1.4 OK for: baileys-md@5.0.5 want: ^9.1.3
650 silly fetch manifest @hapi/hoek@9.x.x
651 silly placeDep node_modules/@adiwajshing/baileys axios@1.4.0 OK for: baileys-md@5.0.5 want: ^1.3.3
652 silly fetch manifest follow-redirects@^1.15.0
653 silly fetch manifest proxy-from-env@^1.1.0
654 silly placeDep ROOT futoin-hkdf@1.5.2 OK for: baileys-md@5.0.5 want: ^1.5.1
655 timing idealTree Completed in 48001ms
656 timing command:install Completed in 48343ms
657 verbose stack Error: could not resolve
657 verbose stack     at PlaceDep.failPeerConflict (/usr/local/lib/node_modules/npm/node_modules/@npmcli/arborist/lib/place-dep.js:503:25)
657 verbose stack     at new PlaceDep (/usr/local/lib/node_modules/npm/node_modules/@npmcli/arborist/lib/place-dep.js:157:21)
657 verbose stack     at #buildDepStep (/usr/local/lib/node_modules/npm/node_modules/@npmcli/arborist/lib/arborist/build-ideal-tree.js:933:18)
657 verbose stack     at async Arborist.buildIdealTree (/usr/local/lib/node_modules/npm/node_modules/@npmcli/arborist/lib/arborist/build-ideal-tree.js:196:7)
657 verbose stack     at async Promise.all (index 1)
657 verbose stack     at async Arborist.reify (/usr/local/lib/node_modules/npm/node_modules/@npmcli/arborist/lib/arborist/reify.js:159:5)
657 verbose stack     at async Install.exec (/usr/local/lib/node_modules/npm/lib/commands/install.js:148:5)
657 verbose stack     at async module.exports (/usr/local/lib/node_modules/npm/lib/cli-entry.js:61:5)
658 verbose cwd /home/container
659 verbose Linux 5.4.0-122-generic
660 verbose node v18.16.0
661 verbose npm  v9.7.1
662 error code ERESOLVE
663 error ERESOLVE could not resolve
664 error
665 error While resolving: [1mbaileys-md[22m@[1m5.0.5[22m
665 error Found: [1mjimp[22m@[1m0.22.8[22m[2m[22m
665 error [2mnode_modules/jimp[22m
665 error   [1mjimp[22m@"[1m^0.22.7[22m" from the root project
665 error
665 error Could not resolve dependency:
665 error peerOptional [1mjimp[22m@"[1m^0.16.1[22m" from [1m@adiwajshing/baileys[22m@[1m5.0.5[22m[2m[22m
665 error [2mnode_modules/@adiwajshing/baileys[22m
665 error   [1m@adiwajshing/baileys[22m@"[1mnpm:baileys-md@^5.0.5[22m" from the root project
665 error
665 error Conflicting peer dependency: [1mjimp[22m@[1m0.16.13[22m[2m[22m
665 error [2mnode_modules/jimp[22m
665 error   peerOptional [1mjimp[22m@"[1m^0.16.1[22m" from [1m@adiwajshing/baileys[22m@[1m5.0.5[22m[2m[22m
665 error   [2mnode_modules/@adiwajshing/baileys[22m
665 error     [1m@adiwajshing/baileys[22m@"[1mnpm:baileys-md@^5.0.5[22m" from the root project
665 error
665 error Fix the upstream dependency conflict, or retry
665 error this command with --force or --legacy-peer-deps
665 error to accept an incorrect (and potentially broken) dependency resolution.
666 error
666 error
666 error For a full report see:
666 error /home/container/.npm/_logs/2023-06-18T00_57_56_774Z-eresolve-report.txt
667 verbose exit 1
668 timing npm Completed in 49386ms
669 verbose unfinished npm timer reify 1687049877757
670 verbose unfinished npm timer reify:loadTrees 1687049878083
671 verbose unfinished npm timer idealTree:buildDeps 1687049878288
672 verbose unfinished npm timer idealTree:node_modules/@adiwajshing/baileys 1687049925788
673 verbose code 1
674 error A complete log of this run can be found in: /home/container/.npm/_logs/2023-06-18T00_57_56_774Z-debug-0.log
