0 verbose cli /usr/local/bin/node /usr/local/bin/npm
1 info using npm@9.7.1
2 info using node@v18.16.0
3 timing npm:load:whichnode Completed in 2ms
4 timing config:load:defaults Completed in 2ms
5 timing config:load:file:/usr/local/lib/node_modules/npm/npmrc Completed in 23ms
6 timing config:load:builtin Completed in 24ms
7 timing config:load:cli Completed in 4ms
8 timing config:load:env Completed in 0ms
9 timing config:load:project Completed in 29ms
10 timing config:load:file:/home/container/.npmrc Completed in 0ms
11 timing config:load:user Completed in 1ms
12 timing config:load:file:/usr/local/etc/npmrc Completed in 0ms
13 timing config:load:global Completed in 0ms
14 timing config:load:setEnvs Completed in 2ms
15 timing config:load Completed in 63ms
16 timing npm:load:configload Completed in 63ms
17 timing config:load:flatten Completed in 4ms
18 timing npm:load:mkdirpcache Completed in 12ms
19 timing npm:load:mkdirplogs Completed in 0ms
20 verbose title npm install
21 verbose argv "install"
22 timing npm:load:setTitle Completed in 3ms
23 timing npm:load:display Completed in 1ms
24 verbose logfile logs-max:10 dir:/home/container/.npm/_logs/2023-06-18T01_13_12_926Z-
25 verbose logfile /home/container/.npm/_logs/2023-06-18T01_13_12_926Z-debug-0.log
26 timing npm:load:logFile Completed in 68ms
27 timing npm:load:timers Completed in 0ms
28 timing npm:load:configScope Completed in 0ms
29 timing npm:load Completed in 247ms
30 timing arborist:ctor Completed in 22ms
31 silly logfile done cleaning log files
32 timing arborist:ctor Completed in 41ms
33 timing idealTree:init Completed in 26718ms
34 timing idealTree:userRequests Completed in 0ms
35 silly idealTree buildDeps
36 timing idealTree:#root Completed in 14ms
37 silly fetch manifest jimp@^0.16.1
38 http fetch GET 200 https://registry.npmjs.org/jimp 1516ms (cache revalidated)
39 silly fetch manifest libsignal@git+https://github.com/adiwajshing/libsignal-node
40 timing idealTree Completed in 31973ms
41 timing command:install Completed in 32113ms
42 verbose stack Error: could not resolve
42 verbose stack     at PlaceDep.failPeerConflict (/usr/local/lib/node_modules/npm/node_modules/@npmcli/arborist/lib/place-dep.js:503:25)
42 verbose stack     at new PlaceDep (/usr/local/lib/node_modules/npm/node_modules/@npmcli/arborist/lib/place-dep.js:157:21)
42 verbose stack     at #buildDepStep (/usr/local/lib/node_modules/npm/node_modules/@npmcli/arborist/lib/arborist/build-ideal-tree.js:933:18)
42 verbose stack     at async Arborist.buildIdealTree (/usr/local/lib/node_modules/npm/node_modules/@npmcli/arborist/lib/arborist/build-ideal-tree.js:196:7)
42 verbose stack     at async Promise.all (index 1)
42 verbose stack     at async Arborist.reify (/usr/local/lib/node_modules/npm/node_modules/@npmcli/arborist/lib/arborist/reify.js:159:5)
42 verbose stack     at async Install.exec (/usr/local/lib/node_modules/npm/lib/commands/install.js:148:5)
42 verbose stack     at async module.exports (/usr/local/lib/node_modules/npm/lib/cli-entry.js:61:5)
43 verbose cwd /home/container
44 verbose Linux 5.4.0-122-generic
45 verbose node v18.16.0
46 verbose npm  v9.7.1
47 error code ERESOLVE
48 error ERESOLVE could not resolve
49 error
50 error While resolving: [1mbaileys-md[22m@[1m5.0.5[22m
50 error Found: [1mjimp[22m@[1m0.22.8[22m[2m[22m
50 error [2mnode_modules/jimp[22m
50 error   [1mjimp[22m@"[1m^0.22.7[22m" from the root project
50 error
50 error Could not resolve dependency:
50 error peerOptional [1mjimp[22m@"[1m^0.16.1[22m" from [1m@adiwajshing/baileys[22m@[1m5.0.5[22m[2m[22m
50 error [2mnode_modules/@adiwajshing/baileys[22m
50 error   [1m@adiwajshing/baileys[22m@"[1mnpm:baileys-md@^5.0.5[22m" from the root project
50 error
50 error Conflicting peer dependency: [1mjimp[22m@[1m0.16.13[22m[2m[22m
50 error [2mnode_modules/jimp[22m
50 error   peerOptional [1mjimp[22m@"[1m^0.16.1[22m" from [1m@adiwajshing/baileys[22m@[1m5.0.5[22m[2m[22m
50 error   [2mnode_modules/@adiwajshing/baileys[22m
50 error     [1m@adiwajshing/baileys[22m@"[1mnpm:baileys-md@^5.0.5[22m" from the root project
50 error
50 error Fix the upstream dependency conflict, or retry
50 error this command with --force or --legacy-peer-deps
50 error to accept an incorrect (and potentially broken) dependency resolution.
51 error
51 error
51 error For a full report see:
51 error /home/container/.npm/_logs/2023-06-18T01_13_12_926Z-eresolve-report.txt
52 verbose exit 1
53 timing npm Completed in 34287ms
54 verbose unfinished npm timer reify 1687050795090
55 verbose unfinished npm timer reify:loadTrees 1687050795186
56 verbose unfinished npm timer idealTree:buildDeps 1687050821941
57 verbose unfinished npm timer idealTree:node_modules/@adiwajshing/baileys 1687050821962
58 verbose code 1
59 error A complete log of this run can be found in: /home/container/.npm/_logs/2023-06-18T01_13_12_926Z-debug-0.log
